<?xml version="1.0" encoding="UTF-8"?>
<testng-results skipped="0" failed="0" ignored="0" total="1" passed="1">
  <reporter-output>
  </reporter-output>
  <suite name="Default suite" duration-ms="43613" started-at="2020-01-31T18:58:53 EST" finished-at="2020-01-31T18:59:36 EST">
    <groups>
    </groups>
    <test name="Default test" duration-ms="43613" started-at="2020-01-31T18:58:53 EST" finished-at="2020-01-31T18:59:36 EST">
      <class name="com.ats.qa.tests.AtsTests">
        <test-method status="PASS" signature="beforeSuite()[pri:0, instance:com.ats.qa.tests.AtsTests@a7e666]" name="beforeSuite" is-config="true" duration-ms="62" started-at="2020-01-31T18:58:53 EST" finished-at="2020-01-31T18:58:53 EST">
          <reporter-output>
          </reporter-output>
        </test-method> <!-- beforeSuite -->
        <test-method status="PASS" signature="initialization()[pri:0, instance:com.ats.qa.tests.AtsTests@a7e666]" name="initialization" is-config="true" duration-ms="15399" started-at="2020-01-31T18:58:53 EST" finished-at="2020-01-31T18:59:08 EST">
          <reporter-output>
          </reporter-output>
        </test-method> <!-- initialization -->
        <test-method status="PASS" signature="loginPageTest()[pri:1, instance:com.ats.qa.tests.AtsTests@a7e666]" name="loginPageTest" duration-ms="26986" started-at="2020-01-31T18:59:08 EST" finished-at="2020-01-31T18:59:35 EST">
          <reporter-output>
          </reporter-output>
        </test-method> <!-- loginPageTest -->
        <test-method status="PASS" signature="afterMethod()[pri:0, instance:com.ats.qa.tests.AtsTests@a7e666]" name="afterMethod" is-config="true" duration-ms="1127" started-at="2020-01-31T18:59:35 EST" finished-at="2020-01-31T18:59:36 EST">
          <reporter-output>
          </reporter-output>
        </test-method> <!-- afterMethod -->
      </class> <!-- com.ats.qa.tests.AtsTests -->
    </test> <!-- Default test -->
  </suite> <!-- Default suite -->
</testng-results>
